{"/Users/sarahpimentel/king/tiffi-on-mars/src/character.js":{"path":"/Users/sarahpimentel/king/tiffi-on-mars/src/character.js","s":{"1":1,"2":1,"3":11,"4":1,"5":28,"6":28,"7":16,"8":16,"9":12,"10":12,"11":28,"12":1,"13":16,"14":1},"b":{"1":[16,3,12]},"f":{"1":11,"2":28,"3":16},"fnMap":{"1":{"name":"Character","line":4,"loc":{"start":{"line":4,"column":0},"end":{"line":4,"column":50}}},"2":{"name":"(anonymous_2)","line":11,"loc":{"start":{"line":11,"column":31},"end":{"line":11,"column":49}}},"3":{"name":"(anonymous_3)","line":36,"loc":{"start":{"line":36,"column":27},"end":{"line":36,"column":45}}}},"statementMap":{"1":{"start":{"line":1,"column":0},"end":{"line":1,"column":39}},"2":{"start":{"line":4,"column":0},"end":{"line":9,"column":1}},"3":{"start":{"line":5,"column":2},"end":{"line":8,"column":4}},"4":{"start":{"line":11,"column":0},"end":{"line":34,"column":2}},"5":{"start":{"line":12,"column":2},"end":{"line":15,"column":4}},"6":{"start":{"line":17,"column":2},"end":{"line":31,"column":3}},"7":{"start":{"line":19,"column":6},"end":{"line":22,"column":8}},"8":{"start":{"line":23,"column":6},"end":{"line":23,"column":12}},"9":{"start":{"line":26,"column":6},"end":{"line":29,"column":8}},"10":{"start":{"line":30,"column":6},"end":{"line":30,"column":12}},"11":{"start":{"line":33,"column":2},"end":{"line":33,"column":13}},"12":{"start":{"line":36,"column":0},"end":{"line":38,"column":2}},"13":{"start":{"line":37,"column":2},"end":{"line":37,"column":49}},"14":{"start":{"line":40,"column":0},"end":{"line":40,"column":27}}},"branchMap":{"1":{"line":17,"type":"switch","locations":[{"start":{"line":18,"column":4},"end":{"line":23,"column":12}},{"start":{"line":24,"column":4},"end":{"line":24,"column":13}},{"start":{"line":25,"column":4},"end":{"line":30,"column":12}}]}}},"/Users/sarahpimentel/king/tiffi-on-mars/src/moveRules.js":{"path":"/Users/sarahpimentel/king/tiffi-on-mars/src/moveRules.js","s":{"1":1,"2":1,"3":16,"4":16,"5":1,"6":15,"7":1,"8":14,"9":1,"10":21,"11":4,"12":17,"13":17,"14":1,"15":16,"16":1},"b":{"1":[1,15],"2":[1,14],"3":[4,17],"4":[21,20],"5":[1,16]},"f":{"1":16,"2":21},"fnMap":{"1":{"name":"(anonymous_1)","line":3,"loc":{"start":{"line":3,"column":27},"end":{"line":3,"column":65}}},"2":{"name":"(anonymous_2)","line":17,"loc":{"start":{"line":17,"column":28},"end":{"line":17,"column":67}}}},"statementMap":{"1":{"start":{"line":1,"column":0},"end":{"line":1,"column":32}},"2":{"start":{"line":3,"column":0},"end":{"line":15,"column":2}},"3":{"start":{"line":4,"column":2},"end":{"line":4,"column":61}},"4":{"start":{"line":6,"column":2},"end":{"line":8,"column":3}},"5":{"start":{"line":7,"column":4},"end":{"line":7,"column":58}},"6":{"start":{"line":10,"column":2},"end":{"line":12,"column":3}},"7":{"start":{"line":11,"column":4},"end":{"line":11,"column":49}},"8":{"start":{"line":14,"column":2},"end":{"line":14,"column":25}},"9":{"start":{"line":17,"column":0},"end":{"line":32,"column":2}},"10":{"start":{"line":18,"column":2},"end":{"line":20,"column":3}},"11":{"start":{"line":19,"column":4},"end":{"line":19,"column":50}},"12":{"start":{"line":22,"column":2},"end":{"line":22,"column":52}},"13":{"start":{"line":24,"column":2},"end":{"line":26,"column":3}},"14":{"start":{"line":25,"column":4},"end":{"line":25,"column":58}},"15":{"start":{"line":28,"column":2},"end":{"line":31,"column":4}},"16":{"start":{"line":34,"column":0},"end":{"line":37,"column":2}}},"branchMap":{"1":{"line":6,"type":"if","locations":[{"start":{"line":6,"column":2},"end":{"line":6,"column":2}},{"start":{"line":6,"column":2},"end":{"line":6,"column":2}}]},"2":{"line":10,"type":"if","locations":[{"start":{"line":10,"column":2},"end":{"line":10,"column":2}},{"start":{"line":10,"column":2},"end":{"line":10,"column":2}}]},"3":{"line":18,"type":"if","locations":[{"start":{"line":18,"column":2},"end":{"line":18,"column":2}},{"start":{"line":18,"column":2},"end":{"line":18,"column":2}}]},"4":{"line":18,"type":"binary-expr","locations":[{"start":{"line":18,"column":6},"end":{"line":18,"column":32}},{"start":{"line":18,"column":36},"end":{"line":18,"column":59}}]},"5":{"line":24,"type":"if","locations":[{"start":{"line":24,"column":2},"end":{"line":24,"column":2}},{"start":{"line":24,"column":2},"end":{"line":24,"column":2}}]}}},"/Users/sarahpimentel/king/tiffi-on-mars/src/cli.js":{"path":"/Users/sarahpimentel/king/tiffi-on-mars/src/cli.js","s":{"1":1,"2":1,"3":1,"4":1,"5":1,"6":1,"7":22,"8":1,"9":5,"10":1,"11":12,"12":12,"13":12,"14":1,"15":1,"16":3,"17":3,"18":6,"19":3,"20":3,"21":3,"22":3,"23":6,"24":3,"25":1,"26":2,"27":2,"28":2,"29":2,"30":12,"31":12,"32":10,"33":2},"b":{"1":[22,18],"2":[5,4],"3":[12,11,11,10],"4":[1,2],"5":[3,2],"6":[10,2]},"f":{"1":22,"2":5,"3":12,"4":3,"5":3,"6":6,"7":6,"8":12},"fnMap":{"1":{"name":"validateDimensions","line":8,"loc":{"start":{"line":8,"column":0},"end":{"line":8,"column":35}}},"2":{"name":"validatePosition","line":12,"loc":{"start":{"line":12,"column":0},"end":{"line":12,"column":32}}},"3":{"name":"isMoveValid","line":16,"loc":{"start":{"line":16,"column":0},"end":{"line":16,"column":33}}},"4":{"name":"(anonymous_4)","line":49,"loc":{"start":{"line":49,"column":7},"end":{"line":49,"column":18}}},"5":{"name":"(anonymous_5)","line":50,"loc":{"start":{"line":50,"column":31},"end":{"line":50,"column":49}}},"6":{"name":"(anonymous_6)","line":52,"loc":{"start":{"line":52,"column":62},"end":{"line":52,"column":73}}},"7":{"name":"(anonymous_7)","line":60,"loc":{"start":{"line":60,"column":59},"end":{"line":60,"column":71}}},"8":{"name":"(anonymous_8)","line":76,"loc":{"start":{"line":76,"column":37},"end":{"line":76,"column":55}}}},"statementMap":{"1":{"start":{"line":1,"column":0},"end":{"line":1,"column":35}},"2":{"start":{"line":2,"column":0},"end":{"line":2,"column":31}},"3":{"start":{"line":3,"column":0},"end":{"line":3,"column":39}},"4":{"start":{"line":5,"column":0},"end":{"line":6,"column":0}},"5":{"start":{"line":6,"column":0},"end":{"line":6,"column":65}},"6":{"start":{"line":8,"column":0},"end":{"line":10,"column":1}},"7":{"start":{"line":9,"column":2},"end":{"line":9,"column":96}},"8":{"start":{"line":12,"column":0},"end":{"line":14,"column":1}},"9":{"start":{"line":13,"column":2},"end":{"line":13,"column":145}},"10":{"start":{"line":16,"column":0},"end":{"line":21,"column":1}},"11":{"start":{"line":17,"column":2},"end":{"line":17,"column":29}},"12":{"start":{"line":18,"column":2},"end":{"line":18,"column":29}},"13":{"start":{"line":20,"column":2},"end":{"line":20,"column":93}},"14":{"start":{"line":23,"column":0},"end":{"line":44,"column":2}},"15":{"start":{"line":46,"column":0},"end":{"line":91,"column":2}},"16":{"start":{"line":50,"column":4},"end":{"line":89,"column":7}},"17":{"start":{"line":52,"column":6},"end":{"line":54,"column":9}},"18":{"start":{"line":53,"column":8},"end":{"line":53,"column":31}},"19":{"start":{"line":56,"column":6},"end":{"line":56,"column":66}},"20":{"start":{"line":57,"column":6},"end":{"line":57,"column":60}},"21":{"start":{"line":59,"column":6},"end":{"line":59,"column":51}},"22":{"start":{"line":60,"column":6},"end":{"line":62,"column":9}},"23":{"start":{"line":61,"column":8},"end":{"line":61,"column":31}},"24":{"start":{"line":64,"column":6},"end":{"line":66,"column":7}},"25":{"start":{"line":65,"column":8},"end":{"line":65,"column":93}},"26":{"start":{"line":68,"column":6},"end":{"line":68,"column":51}},"27":{"start":{"line":70,"column":6},"end":{"line":70,"column":40}},"28":{"start":{"line":71,"column":6},"end":{"line":74,"column":29}},"29":{"start":{"line":76,"column":6},"end":{"line":82,"column":9}},"30":{"start":{"line":77,"column":8},"end":{"line":77,"column":61}},"31":{"start":{"line":79,"column":8},"end":{"line":81,"column":9}},"32":{"start":{"line":80,"column":10},"end":{"line":80,"column":41}},"33":{"start":{"line":84,"column":6},"end":{"line":88,"column":8}}},"branchMap":{"1":{"line":9,"type":"binary-expr","locations":[{"start":{"line":9,"column":9},"end":{"line":9,"column":36}},{"start":{"line":9,"column":40},"end":{"line":9,"column":95}}]},"2":{"line":13,"type":"binary-expr","locations":[{"start":{"line":13,"column":9},"end":{"line":13,"column":34}},{"start":{"line":13,"column":38},"end":{"line":13,"column":144}}]},"3":{"line":20,"type":"binary-expr","locations":[{"start":{"line":20,"column":11},"end":{"line":20,"column":17}},{"start":{"line":20,"column":21},"end":{"line":20,"column":47}},{"start":{"line":20,"column":53},"end":{"line":20,"column":59}},{"start":{"line":20,"column":63},"end":{"line":20,"column":90}}]},"4":{"line":64,"type":"if","locations":[{"start":{"line":64,"column":6},"end":{"line":64,"column":6}},{"start":{"line":64,"column":6},"end":{"line":64,"column":6}}]},"5":{"line":64,"type":"binary-expr","locations":[{"start":{"line":64,"column":10},"end":{"line":64,"column":47}},{"start":{"line":64,"column":51},"end":{"line":64,"column":88}}]},"6":{"line":79,"type":"if","locations":[{"start":{"line":79,"column":8},"end":{"line":79,"column":8}},{"start":{"line":79,"column":8},"end":{"line":79,"column":8}}]}}},"/Users/sarahpimentel/king/tiffi-on-mars/src/world.js":{"path":"/Users/sarahpimentel/king/tiffi-on-mars/src/world.js","s":{"1":1,"2":1,"3":1,"4":14,"5":4,"6":10,"7":1,"8":9,"9":1,"10":8,"11":4,"12":4,"13":1,"14":3,"15":1},"b":{"1":[4,10],"2":[14,13,12,11],"3":[1,8],"4":[4,4],"5":[8,7,6,5],"6":[1,3]},"f":{"1":14,"2":9},"fnMap":{"1":{"name":"World","line":4,"loc":{"start":{"line":4,"column":0},"end":{"line":4,"column":27}}},"2":{"name":"(anonymous_2)","line":18,"loc":{"start":{"line":18,"column":33},"end":{"line":18,"column":56}}}},"statementMap":{"1":{"start":{"line":1,"column":0},"end":{"line":1,"column":42}},"2":{"start":{"line":2,"column":0},"end":{"line":2,"column":32}},"3":{"start":{"line":4,"column":0},"end":{"line":16,"column":1}},"4":{"start":{"line":5,"column":2},"end":{"line":10,"column":3}},"5":{"start":{"line":9,"column":4},"end":{"line":9,"column":57}},"6":{"start":{"line":12,"column":2},"end":{"line":15,"column":4}},"7":{"start":{"line":18,"column":0},"end":{"line":35,"column":2}},"8":{"start":{"line":19,"column":2},"end":{"line":21,"column":3}},"9":{"start":{"line":20,"column":6},"end":{"line":20,"column":51}},"10":{"start":{"line":23,"column":2},"end":{"line":28,"column":3}},"11":{"start":{"line":27,"column":6},"end":{"line":27,"column":69}},"12":{"start":{"line":30,"column":2},"end":{"line":32,"column":3}},"13":{"start":{"line":31,"column":4},"end":{"line":31,"column":69}},"14":{"start":{"line":34,"column":2},"end":{"line":34,"column":80}},"15":{"start":{"line":38,"column":0},"end":{"line":38,"column":23}}},"branchMap":{"1":{"line":5,"type":"if","locations":[{"start":{"line":5,"column":2},"end":{"line":5,"column":2}},{"start":{"line":5,"column":2},"end":{"line":5,"column":2}}]},"2":{"line":5,"type":"binary-expr","locations":[{"start":{"line":5,"column":6},"end":{"line":5,"column":32}},{"start":{"line":6,"column":4},"end":{"line":6,"column":27}},{"start":{"line":7,"column":4},"end":{"line":7,"column":22}},{"start":{"line":8,"column":4},"end":{"line":8,"column":22}}]},"3":{"line":19,"type":"if","locations":[{"start":{"line":19,"column":2},"end":{"line":19,"column":2}},{"start":{"line":19,"column":2},"end":{"line":19,"column":2}}]},"4":{"line":23,"type":"if","locations":[{"start":{"line":23,"column":2},"end":{"line":23,"column":2}},{"start":{"line":23,"column":2},"end":{"line":23,"column":2}}]},"5":{"line":23,"type":"binary-expr","locations":[{"start":{"line":23,"column":6},"end":{"line":23,"column":51}},{"start":{"line":24,"column":6},"end":{"line":24,"column":52}},{"start":{"line":25,"column":6},"end":{"line":25,"column":31}},{"start":{"line":26,"column":6},"end":{"line":26,"column":31}}]},"6":{"line":30,"type":"if","locations":[{"start":{"line":30,"column":2},"end":{"line":30,"column":2}},{"start":{"line":30,"column":2},"end":{"line":30,"column":2}}]}}}}