{"/Users/sarahpimentel/king/tiffi-on-mars/src/character.js":{"path":"/Users/sarahpimentel/king/tiffi-on-mars/src/character.js","s":{"1":1,"2":1,"3":7,"4":1,"5":6,"6":4,"7":4,"8":2,"9":2,"10":1},"b":{"1":[4,1,2]},"f":{"1":7,"2":6},"fnMap":{"1":{"name":"Character","line":4,"loc":{"start":{"line":4,"column":0},"end":{"line":4,"column":50}}},"2":{"name":"(anonymous_2)","line":11,"loc":{"start":{"line":11,"column":27},"end":{"line":11,"column":45}}}},"statementMap":{"1":{"start":{"line":1,"column":0},"end":{"line":1,"column":39}},"2":{"start":{"line":4,"column":0},"end":{"line":9,"column":1}},"3":{"start":{"line":5,"column":2},"end":{"line":8,"column":4}},"4":{"start":{"line":11,"column":0},"end":{"line":29,"column":0}},"5":{"start":{"line":12,"column":4},"end":{"line":26,"column":5}},"6":{"start":{"line":14,"column":8},"end":{"line":17,"column":10}},"7":{"start":{"line":18,"column":8},"end":{"line":18,"column":14}},"8":{"start":{"line":21,"column":8},"end":{"line":24,"column":10}},"9":{"start":{"line":25,"column":8},"end":{"line":25,"column":14}},"10":{"start":{"line":29,"column":0},"end":{"line":29,"column":27}}},"branchMap":{"1":{"line":12,"type":"switch","locations":[{"start":{"line":13,"column":6},"end":{"line":18,"column":14}},{"start":{"line":19,"column":6},"end":{"line":19,"column":15}},{"start":{"line":20,"column":6},"end":{"line":25,"column":14}}]}}},"/Users/sarahpimentel/king/tiffi-on-mars/src/moveRules.js":{"path":"/Users/sarahpimentel/king/tiffi-on-mars/src/moveRules.js","s":{"1":1,"2":1,"3":1,"4":6,"5":1,"6":5,"7":1,"8":4,"9":1,"10":9,"11":4,"12":5,"13":5,"14":1,"15":4,"16":1},"b":{"1":[1,5],"2":[1,4],"3":[4,5],"4":[9,8],"5":[1,4]},"f":{"1":6,"2":9},"fnMap":{"1":{"name":"(anonymous_1)","line":27,"loc":{"start":{"line":27,"column":27},"end":{"line":27,"column":65}}},"2":{"name":"(anonymous_2)","line":39,"loc":{"start":{"line":39,"column":28},"end":{"line":39,"column":67}}}},"statementMap":{"1":{"start":{"line":1,"column":0},"end":{"line":18,"column":2}},"2":{"start":{"line":20,"column":0},"end":{"line":25,"column":2}},"3":{"start":{"line":27,"column":0},"end":{"line":37,"column":2}},"4":{"start":{"line":28,"column":2},"end":{"line":30,"column":3}},"5":{"start":{"line":29,"column":4},"end":{"line":29,"column":58}},"6":{"start":{"line":32,"column":2},"end":{"line":34,"column":3}},"7":{"start":{"line":33,"column":4},"end":{"line":33,"column":49}},"8":{"start":{"line":36,"column":2},"end":{"line":36,"column":62}},"9":{"start":{"line":39,"column":0},"end":{"line":54,"column":2}},"10":{"start":{"line":40,"column":2},"end":{"line":42,"column":3}},"11":{"start":{"line":41,"column":4},"end":{"line":41,"column":50}},"12":{"start":{"line":44,"column":2},"end":{"line":44,"column":46}},"13":{"start":{"line":46,"column":2},"end":{"line":48,"column":3}},"14":{"start":{"line":47,"column":4},"end":{"line":47,"column":58}},"15":{"start":{"line":50,"column":2},"end":{"line":53,"column":4}},"16":{"start":{"line":56,"column":0},"end":{"line":59,"column":2}}},"branchMap":{"1":{"line":28,"type":"if","locations":[{"start":{"line":28,"column":2},"end":{"line":28,"column":2}},{"start":{"line":28,"column":2},"end":{"line":28,"column":2}}]},"2":{"line":32,"type":"if","locations":[{"start":{"line":32,"column":2},"end":{"line":32,"column":2}},{"start":{"line":32,"column":2},"end":{"line":32,"column":2}}]},"3":{"line":40,"type":"if","locations":[{"start":{"line":40,"column":2},"end":{"line":40,"column":2}},{"start":{"line":40,"column":2},"end":{"line":40,"column":2}}]},"4":{"line":40,"type":"binary-expr","locations":[{"start":{"line":40,"column":6},"end":{"line":40,"column":32}},{"start":{"line":40,"column":36},"end":{"line":40,"column":58}}]},"5":{"line":46,"type":"if","locations":[{"start":{"line":46,"column":2},"end":{"line":46,"column":2}},{"start":{"line":46,"column":2},"end":{"line":46,"column":2}}]}}}}