TN:
SF:/Users/sarahpimentel/king/tiffi-on-mars/src/character.js
FN:4,Character
FN:11,(anonymous_2)
FNF:2
FNH:2
FNDA:7,Character
FNDA:6,(anonymous_2)
DA:1,1
DA:4,1
DA:5,7
DA:11,1
DA:12,6
DA:14,4
DA:18,4
DA:21,2
DA:25,2
DA:29,1
LF:10
LH:10
BRDA:12,1,0,4
BRDA:12,1,1,1
BRDA:12,1,2,2
BRF:3
BRH:3
end_of_record
TN:
SF:/Users/sarahpimentel/king/tiffi-on-mars/src/moveRules.js
FN:27,(anonymous_1)
FN:39,(anonymous_2)
FNF:2
FNH:2
FNDA:6,(anonymous_1)
FNDA:9,(anonymous_2)
DA:1,1
DA:20,1
DA:27,1
DA:28,6
DA:29,1
DA:32,5
DA:33,1
DA:36,4
DA:39,1
DA:40,9
DA:41,4
DA:44,5
DA:46,5
DA:47,1
DA:50,4
DA:56,1
LF:16
LH:16
BRDA:28,1,0,1
BRDA:28,1,1,5
BRDA:32,2,0,1
BRDA:32,2,1,4
BRDA:40,3,0,4
BRDA:40,3,1,5
BRDA:40,4,0,9
BRDA:40,4,1,8
BRDA:46,5,0,1
BRDA:46,5,1,4
BRF:10
BRH:10
end_of_record
