TN:
SF:/Users/sarahpimentel/king/tiffi-on-mars/src/character.js
FN:4,Character
FN:11,(anonymous_2)
FNF:2
FNH:2
FNDA:10,Character
FNDA:12,(anonymous_2)
DA:1,1
DA:4,1
DA:5,10
DA:11,1
DA:12,12
DA:14,8
DA:18,8
DA:21,4
DA:25,4
DA:29,1
LF:10
LH:10
BRDA:12,1,0,8
BRDA:12,1,1,2
BRDA:12,1,2,4
BRF:3
BRH:3
end_of_record
TN:
SF:/Users/sarahpimentel/king/tiffi-on-mars/src/moveRules.js
FN:3,(anonymous_1)
FN:17,(anonymous_2)
FNF:2
FNH:2
FNDA:8,(anonymous_1)
FNDA:13,(anonymous_2)
DA:1,1
DA:3,1
DA:4,8
DA:6,8
DA:7,1
DA:10,7
DA:11,1
DA:14,6
DA:17,1
DA:18,13
DA:19,4
DA:22,9
DA:24,9
DA:25,1
DA:28,8
DA:34,1
LF:16
LH:16
BRDA:6,1,0,1
BRDA:6,1,1,7
BRDA:10,2,0,1
BRDA:10,2,1,6
BRDA:18,3,0,4
BRDA:18,3,1,9
BRDA:18,4,0,13
BRDA:18,4,1,12
BRDA:24,5,0,1
BRDA:24,5,1,8
BRF:10
BRH:10
end_of_record
TN:
SF:/Users/sarahpimentel/king/tiffi-on-mars/src/cli.js
FN:8,validateDimensions
FN:12,validatePosition
FN:42,(anonymous_3)
FN:43,(anonymous_4)
FN:45,(anonymous_5)
FN:53,(anonymous_6)
FN:69,(anonymous_7)
FNF:7
FNH:7
FNDA:2,validateDimensions
FNDA:2,validatePosition
FNDA:2,(anonymous_3)
FNDA:2,(anonymous_4)
FNDA:4,(anonymous_5)
FNDA:4,(anonymous_6)
FNDA:6,(anonymous_7)
DA:1,1
DA:2,1
DA:3,1
DA:5,1
DA:6,1
DA:8,1
DA:9,2
DA:12,1
DA:13,2
DA:16,1
DA:39,1
DA:43,2
DA:45,2
DA:46,4
DA:49,2
DA:50,2
DA:52,2
DA:53,2
DA:54,4
DA:57,2
DA:58,1
DA:61,1
DA:63,1
DA:64,1
DA:69,1
DA:70,6
DA:73,1
LF:27
LH:27
BRDA:9,1,0,2
BRDA:9,1,1,1
BRDA:13,2,0,2
BRDA:13,2,1,1
BRDA:57,3,0,1
BRDA:57,3,1,1
BRDA:57,4,0,2
BRDA:57,4,1,1
BRF:8
BRH:8
end_of_record
TN:
SF:/Users/sarahpimentel/king/tiffi-on-mars/src/world.js
FN:4,World
FN:18,(anonymous_2)
FNF:2
FNH:2
FNDA:13,World
FNDA:8,(anonymous_2)
DA:1,1
DA:2,1
DA:4,1
DA:5,13
DA:9,4
DA:12,9
DA:18,1
DA:19,8
DA:20,1
DA:23,7
DA:27,4
DA:30,3
DA:31,1
DA:34,2
DA:38,1
LF:15
LH:15
BRDA:5,1,0,4
BRDA:5,1,1,9
BRDA:5,2,0,13
BRDA:5,2,1,12
BRDA:5,2,2,11
BRDA:5,2,3,10
BRDA:19,3,0,1
BRDA:19,3,1,7
BRDA:23,4,0,4
BRDA:23,4,1,3
BRDA:23,5,0,7
BRDA:23,5,1,6
BRDA:23,5,2,5
BRDA:23,5,3,4
BRDA:30,6,0,1
BRDA:30,6,1,2
BRF:16
BRH:16
end_of_record
